{"C:\\Fresher\\EndProject\\Practise_FE\\src\\components\\FIlterSection\\index.js": {"path":"C:\\Fresher\\EndProject\\Practise_FE\\src\\components\\FIlterSection\\index.js","statementMap":{"0":{"start":{"line":3,"column":22},"end":{"line":128,"column":1}},"1":{"start":{"line":4,"column":40},"end":{"line":4,"column":55}},"2":{"start":{"line":6,"column":29},"end":{"line":8,"column":5}},"3":{"start":{"line":7,"column":8},"end":{"line":7,"column":28}},"4":{"start":{"line":10,"column":29},"end":{"line":12,"column":5}},"5":{"start":{"line":11,"column":8},"end":{"line":11,"column":29}},"6":{"start":{"line":14,"column":29},"end":{"line":17,"column":5}},"7":{"start":{"line":15,"column":8},"end":{"line":15,"column":23}},"8":{"start":{"line":16,"column":8},"end":{"line":16,"column":27}},"9":{"start":{"line":19,"column":23},"end":{"line":26,"column":5}},"10":{"start":{"line":27,"column":23},"end":{"line":61,"column":5}},"11":{"start":{"line":63,"column":4},"end":{"line":127,"column":6}},"12":{"start":{"line":80,"column":36},"end":{"line":91,"column":42}},"13":{"start":{"line":88,"column":60},"end":{"line":88,"column":84}},"14":{"start":{"line":103,"column":36},"end":{"line":114,"column":42}}},"fnMap":{"0":{"name":"(anonymous_0)","decl":{"start":{"line":3,"column":22},"end":{"line":3,"column":23}},"loc":{"start":{"line":3,"column":127},"end":{"line":128,"column":1}},"line":3},"1":{"name":"(anonymous_1)","decl":{"start":{"line":6,"column":29},"end":{"line":6,"column":30}},"loc":{"start":{"line":6,"column":35},"end":{"line":8,"column":5}},"line":6},"2":{"name":"(anonymous_2)","decl":{"start":{"line":10,"column":29},"end":{"line":10,"column":30}},"loc":{"start":{"line":10,"column":35},"end":{"line":12,"column":5}},"line":10},"3":{"name":"(anonymous_3)","decl":{"start":{"line":14,"column":29},"end":{"line":14,"column":30}},"loc":{"start":{"line":14,"column":35},"end":{"line":17,"column":5}},"line":14},"4":{"name":"(anonymous_4)","decl":{"start":{"line":79,"column":47},"end":{"line":79,"column":48}},"loc":{"start":{"line":80,"column":36},"end":{"line":91,"column":42}},"line":80},"5":{"name":"(anonymous_5)","decl":{"start":{"line":88,"column":54},"end":{"line":88,"column":55}},"loc":{"start":{"line":88,"column":60},"end":{"line":88,"column":84}},"line":88},"6":{"name":"(anonymous_6)","decl":{"start":{"line":102,"column":47},"end":{"line":102,"column":48}},"loc":{"start":{"line":103,"column":36},"end":{"line":114,"column":42}},"line":103}},"branchMap":{"0":{"loc":{"start":{"line":71,"column":13},"end":{"line":124,"column":22}},"type":"binary-expr","locations":[{"start":{"line":71,"column":13},"end":{"line":71,"column":23}},{"start":{"line":72,"column":16},"end":{"line":124,"column":22}}],"line":71}},"s":{"0":1,"1":3,"2":3,"3":1,"4":3,"5":1,"6":3,"7":0,"8":0,"9":3,"10":3,"11":3,"12":4,"13":0,"14":6},"f":{"0":3,"1":1,"2":1,"3":0,"4":4,"5":0,"6":6},"b":{"0":[3,1]},"_coverageSchema":"1a1c01bbd47fc00a2c39e90264f33305004495a9","hash":"3e27894f82fc351f5d9abe209076c669f0120bc2"}
,"C:\\Fresher\\EndProject\\Practise_FE\\src\\components\\FilterBar\\index.js": {"path":"C:\\Fresher\\EndProject\\Practise_FE\\src\\components\\FilterBar\\index.js","statementMap":{"0":{"start":{"line":7,"column":20},"end":{"line":48,"column":1}},"1":{"start":{"line":51,"column":0},"end":{"line":59,"column":1}},"2":{"start":{"line":61,"column":18},"end":{"line":135,"column":1}},"3":{"start":{"line":63,"column":28},"end":{"line":63,"column":44}},"4":{"start":{"line":64,"column":42},"end":{"line":64,"column":56}},"5":{"start":{"line":65,"column":42},"end":{"line":65,"column":53}},"6":{"start":{"line":66,"column":48},"end":{"line":66,"column":59}},"7":{"start":{"line":68,"column":33},"end":{"line":71,"column":5}},"8":{"start":{"line":69,"column":8},"end":{"line":69,"column":28}},"9":{"start":{"line":70,"column":8},"end":{"line":70,"column":30}},"10":{"start":{"line":73,"column":25},"end":{"line":81,"column":5}},"11":{"start":{"line":74,"column":8},"end":{"line":80,"column":47}},"12":{"start":{"line":80,"column":26},"end":{"line":80,"column":46}},"13":{"start":{"line":83,"column":30},"end":{"line":85,"column":5}},"14":{"start":{"line":84,"column":8},"end":{"line":84,"column":29}},"15":{"start":{"line":87,"column":30},"end":{"line":89,"column":5}},"16":{"start":{"line":88,"column":8},"end":{"line":88,"column":39}},"17":{"start":{"line":91,"column":30},"end":{"line":94,"column":5}},"18":{"start":{"line":92,"column":8},"end":{"line":92,"column":27}},"19":{"start":{"line":93,"column":8},"end":{"line":93,"column":26}},"20":{"start":{"line":96,"column":29},"end":{"line":98,"column":5}},"21":{"start":{"line":100,"column":4},"end":{"line":105,"column":24}},"22":{"start":{"line":101,"column":24},"end":{"line":103,"column":9}},"23":{"start":{"line":102,"column":12},"end":{"line":102,"column":32}},"24":{"start":{"line":104,"column":8},"end":{"line":104,"column":17}},"25":{"start":{"line":107,"column":4},"end":{"line":134,"column":6}}},"fnMap":{"0":{"name":"(anonymous_0)","decl":{"start":{"line":61,"column":18},"end":{"line":61,"column":19}},"loc":{"start":{"line":61,"column":55},"end":{"line":135,"column":1}},"line":61},"1":{"name":"(anonymous_1)","decl":{"start":{"line":68,"column":33},"end":{"line":68,"column":34}},"loc":{"start":{"line":68,"column":44},"end":{"line":71,"column":5}},"line":68},"2":{"name":"(anonymous_2)","decl":{"start":{"line":73,"column":25},"end":{"line":73,"column":26}},"loc":{"start":{"line":73,"column":31},"end":{"line":81,"column":5}},"line":73},"3":{"name":"(anonymous_3)","decl":{"start":{"line":80,"column":18},"end":{"line":80,"column":19}},"loc":{"start":{"line":80,"column":26},"end":{"line":80,"column":46}},"line":80},"4":{"name":"(anonymous_4)","decl":{"start":{"line":83,"column":30},"end":{"line":83,"column":31}},"loc":{"start":{"line":83,"column":40},"end":{"line":85,"column":5}},"line":83},"5":{"name":"(anonymous_5)","decl":{"start":{"line":87,"column":30},"end":{"line":87,"column":31}},"loc":{"start":{"line":87,"column":37},"end":{"line":89,"column":5}},"line":87},"6":{"name":"(anonymous_6)","decl":{"start":{"line":91,"column":30},"end":{"line":91,"column":31}},"loc":{"start":{"line":91,"column":36},"end":{"line":94,"column":5}},"line":91},"7":{"name":"(anonymous_7)","decl":{"start":{"line":96,"column":29},"end":{"line":96,"column":30}},"loc":{"start":{"line":96,"column":36},"end":{"line":98,"column":5}},"line":96},"8":{"name":"(anonymous_8)","decl":{"start":{"line":100,"column":14},"end":{"line":100,"column":15}},"loc":{"start":{"line":100,"column":20},"end":{"line":105,"column":5}},"line":100},"9":{"name":"(anonymous_9)","decl":{"start":{"line":101,"column":24},"end":{"line":101,"column":25}},"loc":{"start":{"line":101,"column":36},"end":{"line":103,"column":9}},"line":101}},"branchMap":{"0":{"loc":{"start":{"line":77,"column":23},"end":{"line":77,"column":58}},"type":"binary-expr","locations":[{"start":{"line":77,"column":23},"end":{"line":77,"column":52}},{"start":{"line":77,"column":56},"end":{"line":77,"column":58}}],"line":77},"1":{"loc":{"start":{"line":78,"column":21},"end":{"line":78,"column":54}},"type":"binary-expr","locations":[{"start":{"line":78,"column":21},"end":{"line":78,"column":48}},{"start":{"line":78,"column":52},"end":{"line":78,"column":54}}],"line":78}},"s":{"0":0,"1":0,"2":0,"3":0,"4":0,"5":0,"6":0,"7":0,"8":0,"9":0,"10":0,"11":0,"12":0,"13":0,"14":0,"15":0,"16":0,"17":0,"18":0,"19":0,"20":0,"21":0,"22":0,"23":0,"24":0,"25":0},"f":{"0":0,"1":0,"2":0,"3":0,"4":0,"5":0,"6":0,"7":0,"8":0,"9":0},"b":{"0":[0,0],"1":[0,0]}}
,"C:\\Fresher\\EndProject\\Practise_FE\\src\\components\\ProductList\\index.js": {"path":"C:\\Fresher\\EndProject\\Practise_FE\\src\\components\\ProductList\\index.js","statementMap":{"0":{"start":{"line":5,"column":20},"end":{"line":42,"column":1}},"1":{"start":{"line":6,"column":34},"end":{"line":6,"column":49}},"2":{"start":{"line":8,"column":27},"end":{"line":15,"column":5}},"3":{"start":{"line":9,"column":8},"end":{"line":9,"column":25}},"4":{"start":{"line":11,"column":8},"end":{"line":14,"column":16}},"5":{"start":{"line":12,"column":12},"end":{"line":12,"column":29}},"6":{"start":{"line":13,"column":12},"end":{"line":13,"column":30}},"7":{"start":{"line":17,"column":4},"end":{"line":41,"column":6}},"8":{"start":{"line":21,"column":55},"end":{"line":21,"column":97}}},"fnMap":{"0":{"name":"(anonymous_0)","decl":{"start":{"line":5,"column":20},"end":{"line":5,"column":21}},"loc":{"start":{"line":5,"column":72},"end":{"line":42,"column":1}},"line":5},"1":{"name":"(anonymous_1)","decl":{"start":{"line":8,"column":27},"end":{"line":8,"column":28}},"loc":{"start":{"line":8,"column":33},"end":{"line":15,"column":5}},"line":8},"2":{"name":"(anonymous_2)","decl":{"start":{"line":11,"column":19},"end":{"line":11,"column":20}},"loc":{"start":{"line":11,"column":25},"end":{"line":14,"column":9}},"line":11},"3":{"name":"(anonymous_3)","decl":{"start":{"line":21,"column":38},"end":{"line":21,"column":39}},"loc":{"start":{"line":21,"column":55},"end":{"line":21,"column":97}},"line":21}},"branchMap":{"0":{"loc":{"start":{"line":20,"column":16},"end":{"line":24,"column":26}},"type":"cond-expr","locations":[{"start":{"line":21,"column":22},"end":{"line":21,"column":98}},{"start":{"line":22,"column":22},"end":{"line":24,"column":26}}],"line":20},"1":{"loc":{"start":{"line":28,"column":20},"end":{"line":37,"column":163}},"type":"cond-expr","locations":[{"start":{"line":29,"column":24},"end":{"line":35,"column":33}},{"start":{"line":37,"column":24},"end":{"line":37,"column":163}}],"line":28}},"s":{"0":0,"1":0,"2":0,"3":0,"4":0,"5":0,"6":0,"7":0,"8":0},"f":{"0":0,"1":0,"2":0,"3":0},"b":{"0":[0,0],"1":[0,0]}}
,"C:\\Fresher\\EndProject\\Practise_FE\\src\\components\\SectionProductList\\index.js": {"path":"C:\\Fresher\\EndProject\\Practise_FE\\src\\components\\SectionProductList\\index.js","statementMap":{"0":{"start":{"line":6,"column":27},"end":{"line":41,"column":1}},"1":{"start":{"line":7,"column":40},"end":{"line":7,"column":52}},"2":{"start":{"line":8,"column":42},"end":{"line":8,"column":54}},"3":{"start":{"line":9,"column":28},"end":{"line":9,"column":39}},"4":{"start":{"line":10,"column":23},"end":{"line":10,"column":55}},"5":{"start":{"line":27,"column":4},"end":{"line":40,"column":6}}},"fnMap":{"0":{"name":"(anonymous_0)","decl":{"start":{"line":6,"column":27},"end":{"line":6,"column":28}},"loc":{"start":{"line":6,"column":33},"end":{"line":41,"column":1}},"line":6}},"branchMap":{},"s":{"0":0,"1":0,"2":0,"3":0,"4":0,"5":0},"f":{"0":0},"b":{}}
,"C:\\Fresher\\EndProject\\Practise_FE\\src\\utils\\callAPIs.js": {"path":"C:\\Fresher\\EndProject\\Practise_FE\\src\\utils\\callAPIs.js","statementMap":{"0":{"start":{"line":2,"column":12},"end":{"line":6,"column":2}},"1":{"start":{"line":8,"column":22},"end":{"line":13,"column":1}},"2":{"start":{"line":9,"column":5},"end":{"line":12,"column":33}},"3":{"start":{"line":10,"column":28},"end":{"line":10,"column":41}},"4":{"start":{"line":11,"column":24},"end":{"line":11,"column":28}},"5":{"start":{"line":12,"column":26},"end":{"line":12,"column":31}},"6":{"start":{"line":15,"column":23},"end":{"line":20,"column":1}},"7":{"start":{"line":16,"column":5},"end":{"line":19,"column":33}},"8":{"start":{"line":17,"column":28},"end":{"line":17,"column":41}},"9":{"start":{"line":18,"column":24},"end":{"line":18,"column":28}},"10":{"start":{"line":19,"column":26},"end":{"line":19,"column":31}},"11":{"start":{"line":22,"column":25},"end":{"line":27,"column":1}},"12":{"start":{"line":23,"column":5},"end":{"line":26,"column":33}},"13":{"start":{"line":24,"column":28},"end":{"line":24,"column":41}},"14":{"start":{"line":25,"column":24},"end":{"line":25,"column":28}},"15":{"start":{"line":26,"column":26},"end":{"line":26,"column":31}},"16":{"start":{"line":29,"column":23},"end":{"line":34,"column":1}},"17":{"start":{"line":30,"column":5},"end":{"line":33,"column":33}},"18":{"start":{"line":31,"column":28},"end":{"line":31,"column":41}},"19":{"start":{"line":32,"column":24},"end":{"line":32,"column":28}},"20":{"start":{"line":33,"column":26},"end":{"line":33,"column":31}},"21":{"start":{"line":36,"column":23},"end":{"line":41,"column":1}},"22":{"start":{"line":37,"column":5},"end":{"line":40,"column":33}},"23":{"start":{"line":38,"column":28},"end":{"line":38,"column":41}},"24":{"start":{"line":39,"column":24},"end":{"line":39,"column":28}},"25":{"start":{"line":40,"column":26},"end":{"line":40,"column":31}}},"fnMap":{"0":{"name":"(anonymous_0)","decl":{"start":{"line":8,"column":22},"end":{"line":8,"column":23}},"loc":{"start":{"line":8,"column":34},"end":{"line":13,"column":1}},"line":8},"1":{"name":"(anonymous_1)","decl":{"start":{"line":10,"column":16},"end":{"line":10,"column":17}},"loc":{"start":{"line":10,"column":28},"end":{"line":10,"column":41}},"line":10},"2":{"name":"(anonymous_2)","decl":{"start":{"line":11,"column":16},"end":{"line":11,"column":17}},"loc":{"start":{"line":11,"column":24},"end":{"line":11,"column":28}},"line":11},"3":{"name":"(anonymous_3)","decl":{"start":{"line":12,"column":17},"end":{"line":12,"column":18}},"loc":{"start":{"line":12,"column":26},"end":{"line":12,"column":31}},"line":12},"4":{"name":"(anonymous_4)","decl":{"start":{"line":15,"column":23},"end":{"line":15,"column":24}},"loc":{"start":{"line":15,"column":37},"end":{"line":20,"column":1}},"line":15},"5":{"name":"(anonymous_5)","decl":{"start":{"line":17,"column":16},"end":{"line":17,"column":17}},"loc":{"start":{"line":17,"column":28},"end":{"line":17,"column":41}},"line":17},"6":{"name":"(anonymous_6)","decl":{"start":{"line":18,"column":16},"end":{"line":18,"column":17}},"loc":{"start":{"line":18,"column":24},"end":{"line":18,"column":28}},"line":18},"7":{"name":"(anonymous_7)","decl":{"start":{"line":19,"column":17},"end":{"line":19,"column":18}},"loc":{"start":{"line":19,"column":26},"end":{"line":19,"column":31}},"line":19},"8":{"name":"(anonymous_8)","decl":{"start":{"line":22,"column":25},"end":{"line":22,"column":26}},"loc":{"start":{"line":22,"column":44},"end":{"line":27,"column":1}},"line":22},"9":{"name":"(anonymous_9)","decl":{"start":{"line":24,"column":16},"end":{"line":24,"column":17}},"loc":{"start":{"line":24,"column":28},"end":{"line":24,"column":41}},"line":24},"10":{"name":"(anonymous_10)","decl":{"start":{"line":25,"column":16},"end":{"line":25,"column":17}},"loc":{"start":{"line":25,"column":24},"end":{"line":25,"column":28}},"line":25},"11":{"name":"(anonymous_11)","decl":{"start":{"line":26,"column":17},"end":{"line":26,"column":18}},"loc":{"start":{"line":26,"column":26},"end":{"line":26,"column":31}},"line":26},"12":{"name":"(anonymous_12)","decl":{"start":{"line":29,"column":23},"end":{"line":29,"column":24}},"loc":{"start":{"line":29,"column":39},"end":{"line":34,"column":1}},"line":29},"13":{"name":"(anonymous_13)","decl":{"start":{"line":31,"column":16},"end":{"line":31,"column":17}},"loc":{"start":{"line":31,"column":28},"end":{"line":31,"column":41}},"line":31},"14":{"name":"(anonymous_14)","decl":{"start":{"line":32,"column":16},"end":{"line":32,"column":17}},"loc":{"start":{"line":32,"column":24},"end":{"line":32,"column":28}},"line":32},"15":{"name":"(anonymous_15)","decl":{"start":{"line":33,"column":17},"end":{"line":33,"column":18}},"loc":{"start":{"line":33,"column":26},"end":{"line":33,"column":31}},"line":33},"16":{"name":"(anonymous_16)","decl":{"start":{"line":36,"column":23},"end":{"line":36,"column":24}},"loc":{"start":{"line":36,"column":35},"end":{"line":41,"column":1}},"line":36},"17":{"name":"(anonymous_17)","decl":{"start":{"line":38,"column":16},"end":{"line":38,"column":17}},"loc":{"start":{"line":38,"column":28},"end":{"line":38,"column":41}},"line":38},"18":{"name":"(anonymous_18)","decl":{"start":{"line":39,"column":16},"end":{"line":39,"column":17}},"loc":{"start":{"line":39,"column":24},"end":{"line":39,"column":28}},"line":39},"19":{"name":"(anonymous_19)","decl":{"start":{"line":40,"column":17},"end":{"line":40,"column":18}},"loc":{"start":{"line":40,"column":26},"end":{"line":40,"column":31}},"line":40}},"branchMap":{},"s":{"0":0,"1":0,"2":0,"3":0,"4":0,"5":0,"6":0,"7":0,"8":0,"9":0,"10":0,"11":0,"12":0,"13":0,"14":0,"15":0,"16":0,"17":0,"18":0,"19":0,"20":0,"21":0,"22":0,"23":0,"24":0,"25":0},"f":{"0":0,"1":0,"2":0,"3":0,"4":0,"5":0,"6":0,"7":0,"8":0,"9":0,"10":0,"11":0,"12":0,"13":0,"14":0,"15":0,"16":0,"17":0,"18":0,"19":0},"b":{}}
,"C:\\Fresher\\EndProject\\Practise_FE\\src\\utils\\formatNumber.js": {"path":"C:\\Fresher\\EndProject\\Practise_FE\\src\\utils\\formatNumber.js","statementMap":{"0":{"start":{"line":1,"column":20},"end":{"line":3,"column":1}},"1":{"start":{"line":2,"column":4},"end":{"line":2,"column":128}}},"fnMap":{"0":{"name":"(anonymous_0)","decl":{"start":{"line":1,"column":20},"end":{"line":1,"column":21}},"loc":{"start":{"line":1,"column":31},"end":{"line":3,"column":1}},"line":1}},"branchMap":{},"s":{"0":0,"1":0},"f":{"0":0},"b":{}}
}
